\BOOKMARK [1][-]{section.1}{\376\377\004\034\004\060\004\110\004\070\004\075\004\113\000\040\004\042\004\114\004\116\004\100\004\070\004\075\004\063\004\060}{}% 1
\BOOKMARK [2][-]{subsection.1.1}{\376\377\004\024\004\065\004\102\004\065\004\100\004\074\004\070\004\075\004\070\004\100\004\076\004\062\004\060\004\075\004\075\004\113\004\065\000\040\004\034\004\042}{section.1}% 2
\BOOKMARK [2][-]{subsection.1.2}{\376\377\004\035\004\065\004\064\004\065\004\102\004\065\004\100\004\074\004\070\004\075\004\070\004\100\004\076\004\062\004\060\004\075\004\075\004\113\004\065\000\040\004\034\004\042}{section.1}% 3
\BOOKMARK [1][-]{section.2}{\376\377\004\036\004\101\004\075\004\076\004\062\004\113\000\040\004\102\004\065\004\076\004\100\004\070\004\070\000\040\004\062\004\113\004\107\004\070\004\101\004\073\004\070\004\102\004\065\004\073\004\114\004\075\004\076\004\071\000\040\004\101\004\073\004\076\004\066\004\075\004\076\004\101\004\102\004\070\000.\000\040\004\036\004\101\004\075\004\076\004\062\004\075\004\113\004\065\000\040\004\072\004\073\004\060\004\101\004\101\004\113}{}% 4
\BOOKMARK [2][-]{subsection.2.1}{\376\377\004\020\004\061\004\101\004\102\004\100\004\060\004\072\004\102\004\075\004\113\004\065\000\040\004\067\004\060\004\064\004\060\004\107\004\070\000.\000\040\004\032\004\076\004\064\004\070\004\100\004\076\004\062\004\060\004\075\004\070\004\065\000.}{section.2}% 5
\BOOKMARK [2][-]{subsection.2.2}{\376\377\004\032\004\073\004\060\004\101\004\101\000\040\000P}{section.2}% 6
\BOOKMARK [2][-]{subsection.2.3}{\376\377\004\032\004\073\004\060\004\101\004\101\004\113\000\040\000N\000P\000\040\004\070\000\040\000c\000o\000N\000P}{section.2}% 7
\BOOKMARK [1][-]{section.3}{\376\377\000N\000P\000-\004\077\004\076\004\073\004\075\004\113\004\065\000\040\004\067\004\060\004\064\004\060\004\107\004\070}{}% 8
\BOOKMARK [1][-]{section.4}{\376\377\004\037\004\100\004\070\004\074\004\065\004\100\004\113\000\040\004\077\004\076\004\073\004\070\004\075\004\076\004\074\004\070\004\060\004\073\004\114\004\075\004\113\004\105\000\040\004\101\004\062\004\065\004\064\004\065\004\075\004\070\004\071}{}% 9
\BOOKMARK [1][-]{section.5}{\376\377\000N\000P\000C\000-\004\117\004\067\004\113\004\072\004\070}{}% 10
\BOOKMARK [1][-]{section.6}{\376\377\000S\000A\000T\000\040\004\070\000\040\004\072\004\076\004\074\004\077\004\060\004\075\004\070\004\117}{}% 11
\BOOKMARK [2][-]{subsection.6.1}{\376\377\004\042\004\065\004\076\004\100\004\065\004\074\004\060\000\040\004\032\004\103\004\072\004\060\000-\004\033\004\065\004\062\004\070\004\075\004\060}{section.6}% 12
\BOOKMARK [2][-]{subsection.6.2}{\376\377\004\041\004\062\004\065\004\064\004\065\004\075\004\070\004\117\000\040\000S\000A\000T}{section.6}% 13
\BOOKMARK [1][-]{section.7}{\376\377\000N\000P\000C\000\040\004\067\004\060\004\064\004\060\004\107\004\070\000\040\004\070\000\040\000S\000A\000T}{}% 14
\BOOKMARK [2][-]{subsection.7.1}{\376\377\004\027\004\060\004\064\004\060\004\107\004\060\000\040\004\076\000\040\004\101\004\103\004\074\004\074\004\065\000\040\004\077\004\076\004\064\004\074\004\075\004\076\004\066\004\065\004\101\004\102\004\062\004\060}{section.7}% 15
\BOOKMARK [2][-]{subsection.7.2}{\376\377\004\027\004\060\004\064\004\060\004\107\004\060\000\040\004\076\000\040\004\100\004\116\004\072\004\067\004\060\004\072\004\065}{section.7}% 16
\BOOKMARK [2][-]{subsection.7.3}{\376\377\004\027\004\060\004\064\004\060\004\107\004\060\000\040\004\076\000\040\004\077\004\076\004\070\004\101\004\072\004\065\000\040\004\074\004\060\004\072\004\101\004\070\004\074\004\060\004\073\004\114\004\075\004\076\004\063\004\076\000\040\004\100\004\060\004\067\004\100\004\065\004\067\004\060}{section.7}% 17
\BOOKMARK [1][-]{section.8}{\376\377\000T\000I\000M\000E\000\040\004\070\000\040\004\117\004\067\004\113\004\072\004\076\004\062\004\060\004\117\000\040\004\070\004\065\004\100\004\060\004\100\004\105\004\070\004\117}{}% 18
\BOOKMARK [2][-]{subsection.8.1}{\376\377\004\032\004\073\004\060\004\101\004\101\004\113\000\040\000T\000I\000M\000E}{section.8}% 19
\BOOKMARK [2][-]{subsection.8.2}{\376\377\004\042\004\065\004\076\004\100\004\065\004\074\004\060\000\040\004\076\004\061\000\040\004\070\004\065\004\100\004\060\004\100\004\105\004\070\004\070\000\040\004\067\004\060\004\064\004\060\004\107\000\040\004\077\004\076\000\040\004\062\004\100\004\065\004\074\004\065\004\075\004\070}{section.8}% 20
\BOOKMARK [2][-]{subsection.8.3}{\376\377\004\037\004\076\004\073\004\070\004\075\004\076\004\074\004\070\004\060\004\073\004\114\004\075\004\060\004\117\000\040\004\070\004\065\004\100\004\060\004\100\004\105\004\070\004\117}{section.8}% 21
\BOOKMARK [1][-]{section.9}{\376\377\004\055\004\072\004\101\004\077\004\076\004\075\004\065\004\075\004\106\004\070\004\060\004\073\004\114\004\075\004\113\004\065\000\040\004\060\004\073\004\063\004\076\004\100\004\070\004\102\004\074\004\113\000.\000\040\004\034\004\065\004\102\004\076\004\064\000\040\004\073\004\076\004\072\004\060\004\073\004\114\004\075\004\076\004\063\004\076\000\040\004\077\004\076\004\070\004\101\004\072\004\060}{}% 22
\BOOKMARK [2][-]{subsection.9.1}{\376\377\004\027\004\060\004\064\004\060\004\107\004\060\000\040\004\076\000\040\004\062\004\065\004\100\004\110\004\070\004\075\004\075\004\076\004\074\000\040\004\077\004\076\004\072\004\100\004\113\004\102\004\070\004\070}{section.9}% 23
\BOOKMARK [2][-]{subsection.9.2}{\376\377\004\034\004\065\004\102\004\076\004\064\000\040\004\073\004\076\004\072\004\060\004\073\004\114\004\075\004\076\004\063\004\076\000\040\004\077\004\076\004\070\004\101\004\072\004\060}{section.9}% 24
\BOOKMARK [2][-]{subsection.9.3}{\376\377\004\020\004\073\004\063\004\076\004\100\004\070\004\102\004\074\000\040\004\034\004\065\004\102\004\100\004\076\004\077\004\076\004\073\004\070\004\101\004\060\000\040\004\070\000\040\004\030\004\074\004\070\004\102\004\060\004\106\004\070\004\117\000\040\004\076\004\102\004\066\004\070\004\063\004\060}{section.9}% 25
\BOOKMARK [1][-]{section.10}{\376\377\004\034\004\065\004\102\004\076\004\064\000\040\004\073\004\076\004\072\004\060\004\073\004\114\004\075\004\076\004\063\004\076\000\040\004\077\004\076\004\070\004\101\004\072\004\060\000\040\004\062\000\040\000N\000P\000-\004\077\004\076\004\073\004\075\004\113\004\105\000\040\004\067\004\060\004\064\004\060\004\107\004\060\004\105\000.\000\040\004\020\004\073\004\063\004\076\004\100\004\070\004\102\004\074\000\040\004\100\004\065\004\110\004\065\004\075\004\070\004\117\000\040\004\067\004\060\004\064\004\060\004\107\004\070\000\040\004\076\000\040\004\074\004\060\004\072\004\101\004\070\004\074\004\060\004\073\004\114\004\075\004\076\004\074\000\040\004\100\004\060\004\067\004\100\004\065\004\067\004\065\000.}{}% 26
\BOOKMARK [2][-]{subsection.10.1}{\376\377\004\033\004\076\004\072\004\060\004\073\004\114\004\075\004\113\004\071\000\040\004\077\004\076\004\070\004\101\004\072\000\040\004\062\000\040\004\076\004\061\004\111\004\065\004\074\000\040\004\062\004\070\004\064\004\065}{section.10}% 27
\BOOKMARK [2][-]{subsection.10.2}{\376\377\004\027\004\060\004\064\004\060\004\107\004\060\000\040\004\076\000\040\004\074\004\060\004\072\004\101\004\070\004\074\004\060\004\073\004\114\004\075\004\076\004\074\000\040\004\100\004\060\004\067\004\100\004\065\004\067\004\065\000\040\040\023\000\040\004\070\004\064\004\065\004\117\000\040\004\070\000\040\004\060\004\101\004\101\004\070\004\074\004\077\004\102\004\076\004\102\004\070\004\072\004\060}{section.10}% 28
\BOOKMARK [2][-]{subsection.10.3}{\376\377\004\027\004\060\004\064\004\060\004\107\004\060\000\040\004\076\000\040\004\074\004\060\004\072\004\101\004\070\004\074\004\060\004\073\004\114\004\075\004\076\004\074\000\040\004\100\004\060\004\067\004\100\004\065\004\067\004\065\000\040\040\023\000\040\004\115\004\062\004\100\004\070\004\101\004\102\004\070\004\072\004\060}{section.10}% 29
\BOOKMARK [1][-]{section.11}{\376\377\004\027\004\060\004\064\004\060\004\107\004\060\000\040\004\101\004\065\004\063\004\074\004\065\004\075\004\102\004\060\004\106\004\070\004\070\000\040\004\070\000\040\004\034\004\075\004\076\004\063\004\076\004\102\004\065\004\100\004\074\004\070\004\075\004\060\004\073\004\114\004\075\004\113\004\071\000\040\004\100\004\060\004\067\004\100\004\065\004\067}{}% 30
\BOOKMARK [2][-]{subsection.11.1}{\376\377\004\037\004\076\004\101\004\102\004\060\004\075\004\076\004\062\004\072\004\060\000\040\004\067\004\060\004\064\004\060\004\107\004\070}{section.11}% 31
\BOOKMARK [2][-]{subsection.11.2}{\376\377\004\027\004\060\004\064\004\060\004\107\004\060\000\040\004\076\000\040\004\074\004\075\004\076\004\063\004\076\004\102\004\065\004\100\004\074\004\070\004\075\004\060\004\073\004\114\004\075\004\076\004\074\000\040\004\100\004\060\004\067\004\100\004\065\004\067\004\065}{section.11}% 32
\BOOKMARK [2][-]{subsection.11.3}{\376\377\004\041\004\073\004\076\004\066\004\075\004\076\004\101\004\102\004\114\000\040\004\027\004\060\004\064\004\060\004\107\004\070\000\040\004\101\004\065\004\063\004\074\004\065\004\075\004\102\004\060\004\106\004\070\004\070}{section.11}% 33
\BOOKMARK [1][-]{section.12}{\376\377\004\037\004\100\004\070\004\061\004\073\004\070\004\066\004\121\004\075\004\075\004\076\004\065\000\040\004\100\004\065\004\110\004\065\004\075\004\070\004\065\000\040\004\027\004\060\004\064\004\060\004\107\004\070\000\040\004\101\004\065\004\063\004\074\004\065\004\075\004\102\004\060\004\106\004\070\004\070}{}% 34
\BOOKMARK [2][-]{subsection.12.1}{\376\377\004\037\004\065\004\100\004\062\004\060\004\117\000\040\004\077\004\076\004\077\004\113\004\102\004\072\004\060}{section.12}% 35
\BOOKMARK [2][-]{subsection.12.2}{\376\377\004\022\004\102\004\076\004\100\004\060\004\117\000\040\004\077\004\076\004\077\004\113\004\102\004\072\004\060}{section.12}% 36
\BOOKMARK [2][-]{subsection.12.3}{\376\377\004\042\004\100\004\065\004\102\004\114\004\117\000\040\004\077\004\076\004\077\004\113\004\102\004\072\004\060}{section.12}% 37
\BOOKMARK [2][-]{subsection.12.4}{\376\377\004\036\004\106\004\065\004\075\004\072\004\060\000\040\004\072\004\060\004\107\004\065\004\101\004\102\004\062\004\060\000\040\004\077\004\100\004\070\004\061\004\073\004\070\004\066\004\065\004\075\004\070\004\117}{section.12}% 38
\BOOKMARK [1][-]{section.13}{\376\377\004\027\004\060\004\064\004\060\004\107\004\060\000\040\004\072\004\073\004\060\004\101\004\102\004\065\004\100\004\070\004\067\004\060\004\106\004\070\004\070}{}% 39
\BOOKMARK [2][-]{subsection.13.1}{\376\377\004\037\004\076\004\101\004\102\004\060\004\075\004\076\004\062\004\072\004\060\000\040\004\067\004\060\004\064\004\060\004\107\004\070}{section.13}% 40
\BOOKMARK [2][-]{subsection.13.2}{\376\377\004\040\004\065\004\110\004\065\004\075\004\070\004\065\000\040\000d\000i\000f\000f\000\040\004\077\004\100\004\070\000\040\004\077\004\076\004\074\004\076\004\111\004\070\000\040\004\020\004\073\004\063\004\076\004\100\004\070\004\102\004\074\004\060\000\040\004\032\004\100\004\103\004\101\004\072\004\060\004\073\004\060}{section.13}% 41
\BOOKMARK [2][-]{subsection.13.3}{\376\377\004\027\004\060\004\064\004\060\004\107\004\060\000\040\004\072\004\073\004\060\004\101\004\102\004\065\004\100\004\070\004\067\004\060\004\106\004\070\004\070\000\040\004\101\000\040\000s\000a\000m\000e\000\040\004\103\004\101\004\073\004\076\004\062\004\070\004\065\004\074}{section.13}% 42
\BOOKMARK [2][-]{subsection.13.4}{\376\377\004\037\004\100\004\070\004\061\004\073\004\070\004\066\004\121\004\075\004\075\004\076\004\065\000\040\004\100\004\065\004\110\004\065\004\075\004\070\004\065\000\040\004\077\004\100\004\070\000\040\004\077\004\076\004\074\004\076\004\111\004\070\000\040\004\074\004\065\004\102\004\076\004\064\004\060\000\040\004\106\004\065\004\075\004\102\004\100\004\076\004\062}{section.13}% 43
\BOOKMARK [1][-]{section.14}{\376\377\004\027\004\060\004\064\004\060\004\107\004\060\000\040\004\072\004\076\004\074\004\074\004\070\004\062\004\076\004\117\004\066\004\065\004\100\004\060}{}% 44
\BOOKMARK [1][-]{section.15}{\376\377\004\040\004\060\004\075\004\064\004\076\004\074\004\070\004\067\004\070\004\100\004\076\004\062\004\060\004\075\004\075\004\113\004\065\000\040\004\060\004\073\004\063\004\076\004\100\004\070\004\102\004\074\004\113\000.\000\040\004\037\004\100\004\076\004\062\004\065\004\100\004\072\004\060\000\040\004\100\004\060\004\062\004\065\004\075\004\101\004\102\004\062\004\060\000\040\004\074\004\075\004\076\004\063\004\076\004\107\004\073\004\065\004\075\004\076\004\062\000.\000\040\004\022\004\113\004\077\004\076\004\073\004\075\004\070\004\074\004\076\004\101\004\102\004\114\000\040\004\061\004\103\004\073\004\065\004\062\004\113\004\105\000\040\004\104\004\076\004\100\004\074\004\103\004\073\000.}{}% 45
\BOOKMARK [2][-]{subsection.15.1}{\376\377\004\020\004\073\004\063\004\076\004\100\004\070\004\102\004\074\000\040\004\034\004\076\004\075\004\102\004\065\000-\004\032\004\060\004\100\004\073\004\076}{section.15}% 46
\BOOKMARK [2][-]{subsection.15.2}{\376\377\004\020\004\073\004\063\004\076\004\100\004\070\004\102\004\074\000\040\004\033\004\060\004\101\000-\004\022\004\065\004\063\004\060\004\101}{section.15}% 47
\BOOKMARK [2][-]{subsection.15.3}{\376\377\004\037\004\100\004\070\004\061\004\073\004\070\004\066\004\121\004\075\004\075\004\076\004\065\000\040\004\100\004\065\004\110\004\065\004\075\004\070\004\065\000\040\004\067\004\060\004\064\004\060\004\107\004\070\000\040\0003\000S\000A\000T\000.\000\040\004\027\004\060\004\064\004\060\004\107\004\060\000\040\000M\000a\000x\000-\0003\000S\000A\000T}{section.15}% 48
\BOOKMARK [3][-]{subsubsection.15.3.1}{\376\377\004\040\004\060\004\075\004\064\004\076\004\074\004\070\004\067\004\070\004\100\004\076\004\062\004\060\004\075\004\075\004\113\004\071\000\040\004\060\004\073\004\063\004\076\004\100\004\070\004\102\004\074}{subsection.15.3}% 49
\BOOKMARK [3][-]{subsubsection.15.3.2}{\376\377\004\024\004\065\004\102\004\065\004\100\004\074\004\070\004\075\004\070\004\100\004\076\004\062\004\060\004\075\004\075\004\113\004\071\000\040\004\060\004\073\004\063\004\076\004\100\004\070\004\102\004\074}{subsection.15.3}% 50
\BOOKMARK [1][-]{section.16}{\376\377\004\037\004\076\004\102\004\076\004\072\004\076\004\062\004\113\004\065\000\040\004\060\004\073\004\063\004\076\004\100\004\070\004\102\004\074\004\113\000.\000\040\004\027\004\060\004\064\004\060\004\107\004\060\000\040\004\076\000\040\004\107\004\060\004\101\004\102\004\076\004\102\004\060\004\105\000.}{}% 51
\BOOKMARK [2][-]{subsection.16.1}{\376\377\004\024\004\065\004\102\004\065\004\100\004\074\004\070\004\075\004\070\004\100\004\076\004\062\004\060\004\075\004\075\004\076\004\065\000\040\004\100\004\065\004\110\004\065\004\075\004\070\004\065}{section.16}% 52
\BOOKMARK [2][-]{subsection.16.2}{\376\377\004\040\004\060\004\075\004\064\004\076\004\074\004\070\004\067\004\070\004\100\004\076\004\062\004\060\004\075\004\075\004\076\004\065\000\040\004\100\004\065\004\110\004\065\004\075\004\070\004\065}{section.16}% 53
\BOOKMARK [1][-]{section.17}{\376\377\004\037\004\065\004\100\004\065\004\061\004\076\004\100\004\075\004\113\004\065\000\040\004\067\004\060\004\064\004\060\004\107\004\070}{}% 54
\BOOKMARK [2][-]{subsection.17.1}{\376\377\004\036\004\061\004\111\004\070\004\065\000\040\004\104\004\060\004\072\004\102\004\113}{section.17}% 55
\BOOKMARK [2][-]{subsection.17.2}{\376\377\004\022\004\101\004\065\000\040\004\077\004\103\004\102\004\070\000\040\004\074\004\065\004\066\004\064\004\103\000\040\004\062\004\065\004\100\004\110\004\070\004\075\004\060\004\074\004\070}{section.17}% 56
\BOOKMARK [2][-]{subsection.17.3}{\376\377\004\034\004\060\004\072\004\101\004\070\004\074\004\060\004\073\004\114\004\075\004\113\004\065\000\040\004\077\004\076\000\040\004\062\004\073\004\076\004\066\004\065\004\075\004\070\004\116\000\040\004\072\004\073\004\070\004\072\004\070}{section.17}% 57
